<?xml version="1.0" encoding="UTF-8"?>
<!-- Generated by org.testng.reporters.JUnitReportReporter -->
<testsuite hostname="DESKTOP-8KML1D8" failures="0" tests="4" name="com.ecommerceProject.testCases.TC_Search_functionality_ecomProj" time="61.303" errors="0" timestamp="2024-03-14T12:39:10 IST" skipped="0">
  <testcase classname="com.ecommerceProject.testCases.TC_Search_functionality_ecomProj" name="searchWithExistingName" time="11.805"/>
  <testcase classname="com.ecommerceProject.testCases.TC_Search_functionality_ecomProj" name="searchWithNonExistingName" time="17.085"/>
  <testcase classname="com.ecommerceProject.testCases.TC_Search_functionality_ecomProj" name="searchWithoutName" time="10.760"/>
  <testcase classname="com.ecommerceProject.testCases.TC_Search_functionality_ecomProj" name="searchWithCategory" time="21.653"/>
</testsuite> <!-- com.ecommerceProject.testCases.TC_Search_functionality_ecomProj -->
