<?xml version="1.0" encoding="UTF-8"?>
<!-- Generated by org.testng.reporters.JUnitReportReporter -->
<testsuite hostname="DESKTOP-8KML1D8" failures="0" tests="4" name="com.ecommerceProject.testCases.TC_Registration_functionality_ecomProj" time="187.059" errors="0" timestamp="2024-03-14T12:39:10 IST" skipped="0">
  <testcase classname="com.ecommerceProject.testCases.TC_Registration_functionality_ecomProj" name="WithMandatoryFields" time="24.886"/>
  <testcase classname="com.ecommerceProject.testCases.TC_Registration_functionality_ecomProj" name="registerWithAllFields" time="21.367"/>
  <testcase classname="com.ecommerceProject.testCases.TC_Registration_functionality_ecomProj" name="registerWithExistingDetails" time="116.882"/>
  <testcase classname="com.ecommerceProject.testCases.TC_Registration_functionality_ecomProj" name="registerWithoutProvidingDetails" time="23.924"/>
</testsuite> <!-- com.ecommerceProject.testCases.TC_Registration_functionality_ecomProj -->
