<?xml version="1.0" encoding="UTF-8"?>
<!-- Generated by org.testng.reporters.JUnitReportReporter -->
<testsuite hostname="DESKTOP-8KML1D8" failures="0" tests="4" name="com.ecommerceProject.testCases.TC_Login_functionality_ecomProj" time="57.690" errors="0" timestamp="2024-03-14T12:39:10 IST" skipped="0">
  <testcase classname="com.ecommerceProject.testCases.TC_Login_functionality_ecomProj" name="loginWithInvalidCredentials" time="15.861"/>
  <testcase classname="com.ecommerceProject.testCases.TC_Login_functionality_ecomProj" name="loginWithValidCredentials" time="11.459"/>
  <testcase classname="com.ecommerceProject.testCases.TC_Login_functionality_ecomProj" name="loginWithValidCredentials" time="15.481"/>
  <testcase classname="com.ecommerceProject.testCases.TC_Login_functionality_ecomProj" name="browseBackAfterLogin" time="14.889"/>
</testsuite> <!-- com.ecommerceProject.testCases.TC_Login_functionality_ecomProj -->
